<?xml version="1.0" encoding="UTF-8"?>
<robot generator="Robot 3.1.2 (Python 3.8.2 on darwin)" generated="20200322 22:30:18.940" rpa="false">
<suite id="s1" name="ElementsTricks" source="/Users/lulu/Documents/GitHub/Udemy_robot/ElementsTricks.robot">
<test id="s1-t1" name="001 Ir al blog de Winston castillo">
<kw name="Open Homepage" library="recursos">
<kw name="Open Browser" library="SeleniumLibrary">
<doc>Opens a new browser instance to the given ``url``.</doc>
<arguments>
<arg>${HomePage}</arg>
<arg>${Browser}</arg>
</arguments>
<msg timestamp="20200322 22:30:19.236" level="INFO">Opening browser 'chrome' to base url 'http://www.winstoncastillo.com/udemy/'.</msg>
<status status="PASS" starttime="20200322 22:30:19.235" endtime="20200322 22:30:23.420"></status>
</kw>
<status status="PASS" starttime="20200322 22:30:19.235" endtime="20200322 22:30:23.420"></status>
</kw>
<kw name="Title Should Be" library="SeleniumLibrary">
<doc>Verifies that current page title equals ``title``.</doc>
<arguments>
<arg>Hola Mundo!</arg>
</arguments>
<msg timestamp="20200322 22:30:23.427" level="INFO">Page title is 'Hola Mundo!'.</msg>
<status status="PASS" starttime="20200322 22:30:23.421" endtime="20200322 22:30:23.427"></status>
</kw>
<kw name="Set Focus To Element" library="SeleniumLibrary">
<doc>Sets focus to element identified by ``locator``.</doc>
<arguments>
<arg>xpath=/html/body/div[1]/div/div[2]/a[1]</arg>
</arguments>
<status status="PASS" starttime="20200322 22:30:23.427" endtime="20200322 22:30:23.527"></status>
</kw>
<kw name="Click Link" library="SeleniumLibrary">
<doc>Clicks a link identified by ``locator``.</doc>
<arguments>
<arg>xpath=/html/body/div[1]/div/div[2]/a[1]</arg>
</arguments>
<msg timestamp="20200322 22:30:23.528" level="INFO">Clicking link 'xpath=/html/body/div[1]/div/div[2]/a[1]'.</msg>
<status status="PASS" starttime="20200322 22:30:23.528" endtime="20200322 22:30:29.968"></status>
</kw>
<kw name="Wait Until Element Is Visible" library="SeleniumLibrary">
<doc>Waits until element ``locator`` is visible.</doc>
<arguments>
<arg>xpath=//*[@id="page-header"]/div[1]/div/div/div/a</arg>
</arguments>
<status status="PASS" starttime="20200322 22:30:29.969" endtime="20200322 22:30:29.998"></status>
</kw>
<kw name="Title Should Be" library="SeleniumLibrary">
<doc>Verifies that current page title equals ``title``.</doc>
<arguments>
<arg>Winston Castillo – Un sitio para comunicarse</arg>
</arguments>
<msg timestamp="20200322 22:30:30.004" level="INFO">Page title is 'Winston Castillo – Un sitio para comunicarse'.</msg>
<status status="PASS" starttime="20200322 22:30:29.998" endtime="20200322 22:30:30.004"></status>
</kw>
<kw name="Close Browser" library="SeleniumLibrary">
<doc>Closes the current browser.</doc>
<status status="PASS" starttime="20200322 22:30:30.004" endtime="20200322 22:30:30.096"></status>
</kw>
<status status="PASS" starttime="20200322 22:30:19.234" endtime="20200322 22:30:30.096" critical="yes"></status>
</test>
<test id="s1-t2" name="002 Abrir Ventana Modal">
<kw name="Open Homepage" library="recursos">
<kw name="Open Browser" library="SeleniumLibrary">
<doc>Opens a new browser instance to the given ``url``.</doc>
<arguments>
<arg>${HomePage}</arg>
<arg>${Browser}</arg>
</arguments>
<msg timestamp="20200322 22:30:30.100" level="INFO">Opening browser 'chrome' to base url 'http://www.winstoncastillo.com/udemy/'.</msg>
<status status="PASS" starttime="20200322 22:30:30.099" endtime="20200322 22:30:33.865"></status>
</kw>
<status status="PASS" starttime="20200322 22:30:30.099" endtime="20200322 22:30:33.865"></status>
</kw>
<kw name="Title Should Be" library="SeleniumLibrary">
<doc>Verifies that current page title equals ``title``.</doc>
<arguments>
<arg>Hola Mundo!</arg>
</arguments>
<msg timestamp="20200322 22:30:33.872" level="INFO">Page title is 'Hola Mundo!'.</msg>
<status status="PASS" starttime="20200322 22:30:33.866" endtime="20200322 22:30:33.872"></status>
</kw>
<kw name="Set Focus To Element" library="SeleniumLibrary">
<doc>Sets focus to element identified by ``locator``.</doc>
<arguments>
<arg>xpath=/html/body/div[1]/div/div[2]/a[2]</arg>
</arguments>
<status status="PASS" starttime="20200322 22:30:33.872" endtime="20200322 22:30:33.900"></status>
</kw>
<kw name="Click Link" library="SeleniumLibrary">
<doc>Clicks a link identified by ``locator``.</doc>
<arguments>
<arg>xpath=/html/body/div[1]/div/div[2]/a[2]</arg>
</arguments>
<msg timestamp="20200322 22:30:33.901" level="INFO">Clicking link 'xpath=/html/body/div[1]/div/div[2]/a[2]'.</msg>
<status status="PASS" starttime="20200322 22:30:33.900" endtime="20200322 22:30:33.970"></status>
</kw>
<kw name="Wait Until Element Is Visible" library="SeleniumLibrary">
<doc>Waits until element ``locator`` is visible.</doc>
<arguments>
<arg>xpath=//*[@id="exampleModal"]/div/div/div[1]</arg>
</arguments>
<status status="PASS" starttime="20200322 22:30:33.971" endtime="20200322 22:30:34.224"></status>
</kw>
<kw name="Title Should Be" library="SeleniumLibrary">
<doc>Verifies that current page title equals ``title``.</doc>
<arguments>
<arg>Hola Mundo!</arg>
</arguments>
<msg timestamp="20200322 22:30:34.227" level="INFO">Page title is 'Hola Mundo!'.</msg>
<status status="PASS" starttime="20200322 22:30:34.224" endtime="20200322 22:30:34.227"></status>
</kw>
<kw name="Close Browser" library="SeleniumLibrary">
<doc>Closes the current browser.</doc>
<status status="PASS" starttime="20200322 22:30:34.228" endtime="20200322 22:30:34.294"></status>
</kw>
<status status="PASS" starttime="20200322 22:30:30.098" endtime="20200322 22:30:34.294" critical="yes"></status>
</test>
<status status="PASS" starttime="20200322 22:30:18.942" endtime="20200322 22:30:34.295"></status>
</suite>
<statistics>
<total>
<stat pass="2" fail="0">Critical Tests</stat>
<stat pass="2" fail="0">All Tests</stat>
</total>
<tag>
</tag>
<suite>
<stat pass="2" fail="0" id="s1" name="ElementsTricks">ElementsTricks</stat>
</suite>
</statistics>
<errors>
</errors>
</robot>
