<?xml version="1.0" encoding="UTF-8"?>
<robot generator="Robot 3.1.2 (Python 3.8.2 on darwin)" generated="20200322 03:01:58.486" rpa="false">
<suite id="s1" name="Seleium Automation" source="/Users/lulu/Desktop/arrays_loops/seleium_automation.robot">
<test id="s1-t1" name="C001 Hacer Clic en Contenedores">
<kw name="Open Homepage">
<kw name="Open Browser" library="SeleniumLibrary">
<doc>Opens a new browser instance to the given ``url``.</doc>
<arguments>
<arg>${testUrl}</arg>
<arg>${browser}</arg>
</arguments>
<msg timestamp="20200322 03:01:58.680" level="INFO">Opening browser 'chrome' to base url 'http://automationpractice.com/index.php'.</msg>
<status status="PASS" starttime="20200322 03:01:58.680" endtime="20200322 03:02:05.689"></status>
</kw>
<status status="PASS" starttime="20200322 03:01:58.679" endtime="20200322 03:02:05.689"></status>
</kw>
<kw name="Set Global Variable" library="BuiltIn">
<doc>Makes a variable available globally in all tests and suites.</doc>
<arguments>
<arg>@{nombresDeContenedores}</arg>
<arg>//*[@id="homefeatured"]/li[1]/div/div[2]/h5/a</arg>
<arg>//*[@id="homefeatured"]/li[2]/div/div[2]/h5/a</arg>
<arg>//*[@id="homefeatured"]/li[3]/div/div[2]/h5/a</arg>
</arguments>
<msg timestamp="20200322 03:02:05.691" level="INFO">@{nombresDeContenedores} = [ //*[@id="homefeatured"]/li[1]/div/div[2]/h5/a | //*[@id="homefeatured"]/li[2]/div/div[2]/h5/a | //*[@id="homefeatured"]/li[3]/div/div[2]/h5/a ]</msg>
<status status="PASS" starttime="20200322 03:02:05.690" endtime="20200322 03:02:05.691"></status>
</kw>
<kw name="${nombreDeContenedor} IN [ @{nombresDeContenedores} ]" type="for">
<kw name="${nombreDeContenedor} = //*[@id=&quot;homefeatured&quot;]/li[1]/div/div[2]/h5/a" type="foritem">
<kw name="Run Keyword If" library="BuiltIn">
<doc>Runs the given keyword with the given arguments, if ``condition`` is true.</doc>
<arguments>
<arg>'${nombreDeContenedor}'=='//*[@id="homefeatured"]/li[3]/div/div[2]/h5/a'</arg>
<arg>Exit For Loop</arg>
</arguments>
<status status="PASS" starttime="20200322 03:02:05.692" endtime="20200322 03:02:05.693"></status>
</kw>
<kw name="Click Element" library="SeleniumLibrary">
<doc>Click element identified by ``locator``.</doc>
<arguments>
<arg>xpath=${nombreDeContenedor}</arg>
</arguments>
<msg timestamp="20200322 03:02:05.693" level="INFO">Clicking element 'xpath=//*[@id="homefeatured"]/li[1]/div/div[2]/h5/a'.</msg>
<status status="PASS" starttime="20200322 03:02:05.693" endtime="20200322 03:02:06.292"></status>
</kw>
<kw name="Wait Until Element Is Visible" library="SeleniumLibrary">
<doc>Waits until element ``locator`` is visible.</doc>
<arguments>
<arg>xpath=//*[@id="bigpic"]</arg>
</arguments>
<status status="PASS" starttime="20200322 03:02:06.292" endtime="20200322 03:02:06.793"></status>
</kw>
<kw name="Click Element" library="SeleniumLibrary">
<doc>Click element identified by ``locator``.</doc>
<arguments>
<arg>xpath=//*[@id="header_logo"]/a/img</arg>
</arguments>
<msg timestamp="20200322 03:02:06.793" level="INFO">Clicking element 'xpath=//*[@id="header_logo"]/a/img'.</msg>
<status status="PASS" starttime="20200322 03:02:06.793" endtime="20200322 03:02:08.469"></status>
</kw>
<status status="PASS" starttime="20200322 03:02:05.692" endtime="20200322 03:02:08.469"></status>
</kw>
<kw name="${nombreDeContenedor} = //*[@id=&quot;homefeatured&quot;]/li[2]/div/div[2]/h5/a" type="foritem">
<kw name="Run Keyword If" library="BuiltIn">
<doc>Runs the given keyword with the given arguments, if ``condition`` is true.</doc>
<arguments>
<arg>'${nombreDeContenedor}'=='//*[@id="homefeatured"]/li[3]/div/div[2]/h5/a'</arg>
<arg>Exit For Loop</arg>
</arguments>
<status status="PASS" starttime="20200322 03:02:08.469" endtime="20200322 03:02:08.469"></status>
</kw>
<kw name="Click Element" library="SeleniumLibrary">
<doc>Click element identified by ``locator``.</doc>
<arguments>
<arg>xpath=${nombreDeContenedor}</arg>
</arguments>
<msg timestamp="20200322 03:02:08.470" level="INFO">Clicking element 'xpath=//*[@id="homefeatured"]/li[2]/div/div[2]/h5/a'.</msg>
<status status="PASS" starttime="20200322 03:02:08.469" endtime="20200322 03:02:09.247"></status>
</kw>
<kw name="Wait Until Element Is Visible" library="SeleniumLibrary">
<doc>Waits until element ``locator`` is visible.</doc>
<arguments>
<arg>xpath=//*[@id="bigpic"]</arg>
</arguments>
<status status="PASS" starttime="20200322 03:02:09.247" endtime="20200322 03:02:09.504"></status>
</kw>
<kw name="Click Element" library="SeleniumLibrary">
<doc>Click element identified by ``locator``.</doc>
<arguments>
<arg>xpath=//*[@id="header_logo"]/a/img</arg>
</arguments>
<msg timestamp="20200322 03:02:09.504" level="INFO">Clicking element 'xpath=//*[@id="header_logo"]/a/img'.</msg>
<status status="PASS" starttime="20200322 03:02:09.504" endtime="20200322 03:02:11.008"></status>
</kw>
<status status="PASS" starttime="20200322 03:02:08.469" endtime="20200322 03:02:11.008"></status>
</kw>
<kw name="${nombreDeContenedor} = //*[@id=&quot;homefeatured&quot;]/li[3]/div/div[2]/h5/a" type="foritem">
<kw name="Run Keyword If" library="BuiltIn">
<doc>Runs the given keyword with the given arguments, if ``condition`` is true.</doc>
<arguments>
<arg>'${nombreDeContenedor}'=='//*[@id="homefeatured"]/li[3]/div/div[2]/h5/a'</arg>
<arg>Exit For Loop</arg>
</arguments>
<kw name="Exit For Loop" library="BuiltIn">
<doc>Stops executing the enclosing for loop.</doc>
<msg timestamp="20200322 03:02:11.009" level="INFO">Exiting for loop altogether.</msg>
<status status="PASS" starttime="20200322 03:02:11.009" endtime="20200322 03:02:11.009"></status>
</kw>
<status status="PASS" starttime="20200322 03:02:11.008" endtime="20200322 03:02:11.009"></status>
</kw>
<status status="PASS" starttime="20200322 03:02:11.008" endtime="20200322 03:02:11.009"></status>
</kw>
<status status="PASS" starttime="20200322 03:02:05.691" endtime="20200322 03:02:11.010"></status>
</kw>
<kw name="Close Browser" library="SeleniumLibrary">
<doc>Closes the current browser.</doc>
<status status="PASS" starttime="20200322 03:02:11.010" endtime="20200322 03:02:11.116"></status>
</kw>
<status status="PASS" starttime="20200322 03:01:58.679" endtime="20200322 03:02:11.116" critical="yes"></status>
</test>
<status status="PASS" starttime="20200322 03:01:58.489" endtime="20200322 03:02:11.117"></status>
</suite>
<statistics>
<total>
<stat pass="1" fail="0">Critical Tests</stat>
<stat pass="1" fail="0">All Tests</stat>
</total>
<tag>
</tag>
<suite>
<stat pass="1" fail="0" id="s1" name="Seleium Automation">Seleium Automation</stat>
</suite>
</statistics>
<errors>
</errors>
</robot>
